Assembler report for PCO_comolex
Tue Dec 26 17:07:19 2023
Quartus II 64-Bit Version 14.0.0 Build 200 06/17/2014 SJ Full Version


---------------------
; Table of Contents ;
---------------------
  1. Legal Notice
  2. Assembler Summary
  3. Assembler Settings
  4. Assembler Generated Files
  5. Assembler Device Options: C:/Users/24450/Desktop/CSAPP/PCO_complex_stu_2023/output_files/PCO_comolex.sof
  6. Assembler Device Options: C:/Users/24450/Desktop/CSAPP/PCO_complex_stu_2023/output_files/PCO_comolex.pof
  7. Assembler Messages



----------------
; Legal Notice ;
----------------
Copyright (C) 1991-2014 Altera Corporation. All rights reserved.
Your use of Altera Corporation's design tools, logic functions 
and other software and tools, and its AMPP partner logic 
functions, and any output files from any of the foregoing 
(including device programming or simulation files), and any 
associated documentation or information are expressly subject 
to the terms and conditions of the Altera Program License 
Subscription Agreement, the Altera Quartus II License Agreement,
the Altera MegaCore Function License Agreement, or other 
applicable license agreement, including, without limitation, 
that your use is for the sole purpose of programming logic 
devices manufactured by Altera and sold by Altera or its 
authorized distributors.  Please refer to the applicable 
agreement for further details.



+---------------------------------------------------------------+
; Assembler Summary                                             ;
+-----------------------+---------------------------------------+
; Assembler Status      ; Successful - Tue Dec 26 17:07:19 2023 ;
; Revision Name         ; PCO_comolex                           ;
; Top-level Entity Name ; top                                   ;
; Family                ; Cyclone IV E                          ;
; Device                ; EP4CE40F23C8                          ;
+-----------------------+---------------------------------------+


+----------------------------------+
; Assembler Settings               ;
+--------+---------+---------------+
; Option ; Setting ; Default Value ;
+--------+---------+---------------+


+--------------------------------------------------------------------------------+
; Assembler Generated Files                                                      ;
+--------------------------------------------------------------------------------+
; File Name                                                                      ;
+--------------------------------------------------------------------------------+
; C:/Users/24450/Desktop/CSAPP/PCO_complex_stu_2023/output_files/PCO_comolex.sof ;
; C:/Users/24450/Desktop/CSAPP/PCO_complex_stu_2023/output_files/PCO_comolex.pof ;
+--------------------------------------------------------------------------------+


+----------------------------------------------------------------------------------------------------------+
; Assembler Device Options: C:/Users/24450/Desktop/CSAPP/PCO_complex_stu_2023/output_files/PCO_comolex.sof ;
+----------------+-----------------------------------------------------------------------------------------+
; Option         ; Setting                                                                                 ;
+----------------+-----------------------------------------------------------------------------------------+
; Device         ; EP4CE40F23C8                                                                            ;
; JTAG usercode  ; 0x003B953F                                                                              ;
; Checksum       ; 0x003B953F                                                                              ;
+----------------+-----------------------------------------------------------------------------------------+


+----------------------------------------------------------------------------------------------------------+
; Assembler Device Options: C:/Users/24450/Desktop/CSAPP/PCO_complex_stu_2023/output_files/PCO_comolex.pof ;
+--------------------+-------------------------------------------------------------------------------------+
; Option             ; Setting                                                                             ;
+--------------------+-------------------------------------------------------------------------------------+
; Device             ; EPCS64                                                                              ;
; JTAG usercode      ; 0x00000000                                                                          ;
; Checksum           ; 0x7A83AE34                                                                          ;
; Compression Ratio  ; 3                                                                                   ;
+--------------------+-------------------------------------------------------------------------------------+


+--------------------+
; Assembler Messages ;
+--------------------+
Info: *******************************************************************
Info: Running Quartus II 64-Bit Assembler
    Info: Version 14.0.0 Build 200 06/17/2014 SJ Full Version
    Info: Processing started: Tue Dec 26 17:07:18 2023
Info: Command: quartus_asm --read_settings_files=off --write_settings_files=off PCO_comolex -c PCO_comolex
Info (115031): Writing out detailed assembly data for power analysis
Info (115030): Assembler is generating device programming files
Info: Quartus II 64-Bit Assembler was successful. 0 errors, 0 warnings
    Info: Peak virtual memory: 4640 megabytes
    Info: Processing ended: Tue Dec 26 17:07:19 2023
    Info: Elapsed time: 00:00:01
    Info: Total CPU time (on all processors): 00:00:00


